       |module tstreamable;
       |
       |/* ------------------------------------------------------------------------*/
       |/*                                                                         */
       |/*   class TStreamable                                                     */
       |/*                                                                         */
       |/*   This is the base class for all storable objects.  It provides         */
       |/*   three member functions, streamableName(), read(), and write(), which  */
       |/*   must be overridden in every derived class.                            */
       |/*                                                                         */
       |/* ------------------------------------------------------------------------*/
       |
       |import std.stream;
       |
       |import configfile;
       |
       |interface TStreamable {
       |    string streamableName() const;
       |
       |    void read( Elem* );
       |    void write( Elem* );
       |
       |}
