       |module tfileinfopane;
       |
       |import std.datetime;
       |import std.file;
       |import std.path;
       |import std.conv;
       |
       |import tvision;
       |
       |private immutable string[] months =
       |    [
       |    "",__("Jan"),__("Feb"),__("Mar"),__("Apr"),__("May"),__("Jun"),
       |    __("Jul"),__("Aug"),__("Sep"),__("Oct"),__("Nov"),__("Dec")
       |    ];
       |
       |private immutable ubyte[] cpInfoPane = [0x1E];
       |
       |class TFileInfoPane : TView {
       |
       |        private DirEntry* fileBlock;
       |
0000000|        this( in TRect bounds ) {
0000000|                super(bounds);
0000000|        eventMask |= evBroadcast;
       |        }
       |
       |        override void draw() {
0000000|            TFileDialog owner = cast(TFileDialog)owner;
0000000|            string path = buildNormalizedPath(absolutePath(owner.directory), owner.wildCard);
       |
0000000|            int color = getColor(0x01);
0000000|            TDrawBuffer b;
0000000|            b.moveChar( 0, ' ', color, size.x );
0000000|            b.moveStr( 1, path, color );
0000000|            writeLine( 0, 0, size.x, 1, b );
       |
0000000|            b.moveChar( 0, ' ', color, size.x );
0000000|            b.moveStr( 1, baseName(fileBlock.name), color );
       |
0000000|            writeLine( 0, 1, size.x, 1, b);
0000000|            b.moveChar( 0, ' ', color, size.x );
       |
0000000|            if ( fileBlock !is null && fileBlock.name != "" ) {
0000000|                        string buf = to!string(fileBlock.size);
0000000|                        b.moveStr( 14, buf, color );
       |
0000000|                        SysTime time = fileBlock.timeLastAccessed;
0000000|                        b.moveStr( 25, (cast(DateTime)time).toSimpleString(), color );
       |            }
0000000|            writeLine(0, 2, size.x, 1, b );
0000000|            b.moveChar( 0, ' ', color, size. x);
0000000|            writeLine( 0, 3, size.x, size.y-3, b);
       |        }
       |
       |        override ref immutable(TPalette) getPalette() const {
0000000|            static immutable TPalette palette = immutable(TPalette)( cpInfoPane);
0000000|            return palette;
       |        }
       |
       |        override void handleEvent( ref TEvent event ) {
0000000|            TView.handleEvent(event);
0000000|            if( event.what == evBroadcast && event.message.command == cm.FileFocused ) {
0000000|                        fileBlock = (cast(DirEntry *)(event.message.infoPtr));
0000000|                drawView();
       |                }
       |        }
       |}
..\d\tfileinfopane.d is 0% covered
